CRITICAL - 2023-01-26 09:33:14 --> Undefined index: nama_desa
#0 /var/www/html/spod/app/Views/temuan/detail_temuan.php(85): CodeIgniter\Debug\Exceptions->errorHandler()
#1 /var/www/html/spod/system/View/View.php(214): include('/var/www/html/s...')
#2 /var/www/html/spod/system/View/View.php(217): CodeIgniter\View\View->CodeIgniter\View\{closure}()
#3 /var/www/html/spod/system/Common.php(1092): CodeIgniter\View\View->render()
#4 /var/www/html/spod/app/Controllers/Temuan.php(90): view()
#5 /var/www/html/spod/system/CodeIgniter.php(802): App\Controllers\Temuan->detail_temuan()
#6 /var/www/html/spod/system/CodeIgniter.php(399): CodeIgniter\CodeIgniter->runController()
#7 /var/www/html/spod/system/CodeIgniter.php(317): CodeIgniter\CodeIgniter->handleRequest()
#8 /var/www/html/spod/public/index.php(36): CodeIgniter\CodeIgniter->run()
#9 {main}
ERROR - 2023-01-26 09:34:42 --> Unknown column 'id_temuan' in 'where clause'
CRITICAL - 2023-01-26 09:34:42 --> Unknown column 'id_temuan' in 'where clause'
#0 /var/www/html/spod/system/Database/MySQLi/Connection.php(280): mysqli->query()
#1 /var/www/html/spod/system/Database/BaseConnection.php(663): CodeIgniter\Database\MySQLi\Connection->execute()
#2 /var/www/html/spod/system/Database/BaseConnection.php(591): CodeIgniter\Database\BaseConnection->simpleQuery()
#3 /var/www/html/spod/system/Database/BaseBuilder.php(1428): CodeIgniter\Database\BaseConnection->query()
#4 /var/www/html/spod/app/Controllers/Temuan.php(79): CodeIgniter\Database\BaseBuilder->get()
#5 /var/www/html/spod/system/CodeIgniter.php(802): App\Controllers\Temuan->detail_temuan()
#6 /var/www/html/spod/system/CodeIgniter.php(399): CodeIgniter\CodeIgniter->runController()
#7 /var/www/html/spod/system/CodeIgniter.php(317): CodeIgniter\CodeIgniter->handleRequest()
#8 /var/www/html/spod/public/index.php(36): CodeIgniter\CodeIgniter->run()
#9 {main}
CRITICAL - 2023-01-26 09:36:24 --> Undefined index: nama_desa
#0 /var/www/html/spod/app/Views/temuan/detail_temuan.php(137): CodeIgniter\Debug\Exceptions->errorHandler()
#1 /var/www/html/spod/system/View/View.php(214): include('/var/www/html/s...')
#2 /var/www/html/spod/system/View/View.php(217): CodeIgniter\View\View->CodeIgniter\View\{closure}()
#3 /var/www/html/spod/system/Common.php(1092): CodeIgniter\View\View->render()
#4 /var/www/html/spod/app/Controllers/Temuan.php(91): view()
#5 /var/www/html/spod/system/CodeIgniter.php(802): App\Controllers\Temuan->detail_temuan()
#6 /var/www/html/spod/system/CodeIgniter.php(399): CodeIgniter\CodeIgniter->runController()
#7 /var/www/html/spod/system/CodeIgniter.php(317): CodeIgniter\CodeIgniter->handleRequest()
#8 /var/www/html/spod/public/index.php(36): CodeIgniter\CodeIgniter->run()
#9 {main}
CRITICAL - 2023-01-26 09:36:26 --> Undefined index: nama_desa
#0 /var/www/html/spod/app/Views/temuan/detail_temuan.php(137): CodeIgniter\Debug\Exceptions->errorHandler()
#1 /var/www/html/spod/system/View/View.php(214): include('/var/www/html/s...')
#2 /var/www/html/spod/system/View/View.php(217): CodeIgniter\View\View->CodeIgniter\View\{closure}()
#3 /var/www/html/spod/system/Common.php(1092): CodeIgniter\View\View->render()
#4 /var/www/html/spod/app/Controllers/Temuan.php(91): view()
#5 /var/www/html/spod/system/CodeIgniter.php(802): App\Controllers\Temuan->detail_temuan()
#6 /var/www/html/spod/system/CodeIgniter.php(399): CodeIgniter\CodeIgniter->runController()
#7 /var/www/html/spod/system/CodeIgniter.php(317): CodeIgniter\CodeIgniter->handleRequest()
#8 /var/www/html/spod/public/index.php(36): CodeIgniter\CodeIgniter->run()
#9 {main}
CRITICAL - 2023-01-26 09:36:38 --> Undefined index: nama_desa
#0 /var/www/html/spod/app/Views/temuan/detail_temuan.php(137): CodeIgniter\Debug\Exceptions->errorHandler()
#1 /var/www/html/spod/system/View/View.php(214): include('/var/www/html/s...')
#2 /var/www/html/spod/system/View/View.php(217): CodeIgniter\View\View->CodeIgniter\View\{closure}()
#3 /var/www/html/spod/system/Common.php(1092): CodeIgniter\View\View->render()
#4 /var/www/html/spod/app/Controllers/Temuan.php(91): view()
#5 /var/www/html/spod/system/CodeIgniter.php(802): App\Controllers\Temuan->detail_temuan()
#6 /var/www/html/spod/system/CodeIgniter.php(399): CodeIgniter\CodeIgniter->runController()
#7 /var/www/html/spod/system/CodeIgniter.php(317): CodeIgniter\CodeIgniter->handleRequest()
#8 /var/www/html/spod/public/index.php(36): CodeIgniter\CodeIgniter->run()
#9 {main}
CRITICAL - 2023-01-26 09:36:39 --> Undefined index: nama_desa
#0 /var/www/html/spod/app/Views/temuan/detail_temuan.php(137): CodeIgniter\Debug\Exceptions->errorHandler()
#1 /var/www/html/spod/system/View/View.php(214): include('/var/www/html/s...')
#2 /var/www/html/spod/system/View/View.php(217): CodeIgniter\View\View->CodeIgniter\View\{closure}()
#3 /var/www/html/spod/system/Common.php(1092): CodeIgniter\View\View->render()
#4 /var/www/html/spod/app/Controllers/Temuan.php(91): view()
#5 /var/www/html/spod/system/CodeIgniter.php(802): App\Controllers\Temuan->detail_temuan()
#6 /var/www/html/spod/system/CodeIgniter.php(399): CodeIgniter\CodeIgniter->runController()
#7 /var/www/html/spod/system/CodeIgniter.php(317): CodeIgniter\CodeIgniter->handleRequest()
#8 /var/www/html/spod/public/index.php(36): CodeIgniter\CodeIgniter->run()
#9 {main}
CRITICAL - 2023-01-26 09:36:40 --> Undefined index: nama_desa
#0 /var/www/html/spod/app/Views/temuan/detail_temuan.php(137): CodeIgniter\Debug\Exceptions->errorHandler()
#1 /var/www/html/spod/system/View/View.php(214): include('/var/www/html/s...')
#2 /var/www/html/spod/system/View/View.php(217): CodeIgniter\View\View->CodeIgniter\View\{closure}()
#3 /var/www/html/spod/system/Common.php(1092): CodeIgniter\View\View->render()
#4 /var/www/html/spod/app/Controllers/Temuan.php(91): view()
#5 /var/www/html/spod/system/CodeIgniter.php(802): App\Controllers\Temuan->detail_temuan()
#6 /var/www/html/spod/system/CodeIgniter.php(399): CodeIgniter\CodeIgniter->runController()
#7 /var/www/html/spod/system/CodeIgniter.php(317): CodeIgniter\CodeIgniter->handleRequest()
#8 /var/www/html/spod/public/index.php(36): CodeIgniter\CodeIgniter->run()
#9 {main}
CRITICAL - 2023-01-26 09:54:16 --> Cannot redeclare App\Controllers\Temuan::temuan()
#0 [internal function]: CodeIgniter\Debug\Exceptions->shutdownHandler()
#1 {main}
CRITICAL - 2023-01-26 09:54:21 --> Cannot redeclare App\Controllers\Temuan::temuan()
#0 [internal function]: CodeIgniter\Debug\Exceptions->shutdownHandler()
#1 {main}
CRITICAL - 2023-01-26 10:25:56 --> Undefined index: tahun
#0 /var/www/html/spod/app/Views/temuan/temuan.php(215): CodeIgniter\Debug\Exceptions->errorHandler()
#1 /var/www/html/spod/system/View/View.php(214): include('/var/www/html/s...')
#2 /var/www/html/spod/system/View/View.php(217): CodeIgniter\View\View->CodeIgniter\View\{closure}()
#3 /var/www/html/spod/system/Common.php(1092): CodeIgniter\View\View->render()
#4 /var/www/html/spod/app/Controllers/Temuan.php(101): view()
#5 /var/www/html/spod/system/CodeIgniter.php(802): App\Controllers\Temuan->temuan()
#6 /var/www/html/spod/system/CodeIgniter.php(399): CodeIgniter\CodeIgniter->runController()
#7 /var/www/html/spod/system/CodeIgniter.php(317): CodeIgniter\CodeIgniter->handleRequest()
#8 /var/www/html/spod/public/index.php(36): CodeIgniter\CodeIgniter->run()
#9 {main}
CRITICAL - 2023-01-26 10:29:39 --> Undefined index: tahun
#0 /var/www/html/spod/app/Views/temuan/temuan.php(215): CodeIgniter\Debug\Exceptions->errorHandler()
#1 /var/www/html/spod/system/View/View.php(214): include('/var/www/html/s...')
#2 /var/www/html/spod/system/View/View.php(217): CodeIgniter\View\View->CodeIgniter\View\{closure}()
#3 /var/www/html/spod/system/Common.php(1092): CodeIgniter\View\View->render()
#4 /var/www/html/spod/app/Controllers/Temuan.php(104): view()
#5 /var/www/html/spod/system/CodeIgniter.php(802): App\Controllers\Temuan->temuan()
#6 /var/www/html/spod/system/CodeIgniter.php(399): CodeIgniter\CodeIgniter->runController()
#7 /var/www/html/spod/system/CodeIgniter.php(317): CodeIgniter\CodeIgniter->handleRequest()
#8 /var/www/html/spod/public/index.php(36): CodeIgniter\CodeIgniter->run()
#9 {main}
ERROR - 2023-01-26 10:53:35 --> Table 'spod.lhp' doesn't exist
CRITICAL - 2023-01-26 10:53:35 --> Table 'spod.lhp' doesn't exist
#0 /var/www/html/spod/system/Database/MySQLi/Connection.php(280): mysqli->query()
#1 /var/www/html/spod/system/Database/BaseConnection.php(663): CodeIgniter\Database\MySQLi\Connection->execute()
#2 /var/www/html/spod/system/Database/BaseConnection.php(591): CodeIgniter\Database\BaseConnection->simpleQuery()
#3 /var/www/html/spod/system/Database/BaseBuilder.php(1428): CodeIgniter\Database\BaseConnection->query()
#4 /var/www/html/spod/app/Controllers/Admin.php(27): CodeIgniter\Database\BaseBuilder->get()
#5 /var/www/html/spod/system/CodeIgniter.php(802): App\Controllers\Admin->index()
#6 /var/www/html/spod/system/CodeIgniter.php(399): CodeIgniter\CodeIgniter->runController()
#7 /var/www/html/spod/system/CodeIgniter.php(317): CodeIgniter\CodeIgniter->handleRequest()
#8 /var/www/html/spod/public/index.php(36): CodeIgniter\CodeIgniter->run()
#9 {main}
ERROR - 2023-01-26 11:09:26 --> Not unique table/alias: 'rekomendasi'
CRITICAL - 2023-01-26 11:09:26 --> Not unique table/alias: 'rekomendasi'
#0 /var/www/html/spod/system/Database/MySQLi/Connection.php(280): mysqli->query()
#1 /var/www/html/spod/system/Database/BaseConnection.php(663): CodeIgniter\Database\MySQLi\Connection->execute()
#2 /var/www/html/spod/system/Database/BaseConnection.php(591): CodeIgniter\Database\BaseConnection->simpleQuery()
#3 /var/www/html/spod/system/Database/BaseBuilder.php(1428): CodeIgniter\Database\BaseConnection->query()
#4 /var/www/html/spod/app/Helpers/my_helper.php(224): CodeIgniter\Database\BaseBuilder->get()
#5 /var/www/html/spod/app/Views/temuan/index.php(53): jml_rekomendasi()
#6 /var/www/html/spod/system/View/View.php(214): include('/var/www/html/s...')
#7 /var/www/html/spod/system/View/View.php(217): CodeIgniter\View\View->CodeIgniter\View\{closure}()
#8 /var/www/html/spod/system/Common.php(1092): CodeIgniter\View\View->render()
#9 /var/www/html/spod/app/Controllers/Temuan.php(58): view()
#10 /var/www/html/spod/system/CodeIgniter.php(802): App\Controllers\Temuan->data_temuan()
#11 /var/www/html/spod/system/CodeIgniter.php(399): CodeIgniter\CodeIgniter->runController()
#12 /var/www/html/spod/system/CodeIgniter.php(317): CodeIgniter\CodeIgniter->handleRequest()
#13 /var/www/html/spod/public/index.php(36): CodeIgniter\CodeIgniter->run()
#14 {main}
ERROR - 2023-01-26 11:09:28 --> Not unique table/alias: 'rekomendasi'
CRITICAL - 2023-01-26 11:09:28 --> Not unique table/alias: 'rekomendasi'
#0 /var/www/html/spod/system/Database/MySQLi/Connection.php(280): mysqli->query()
#1 /var/www/html/spod/system/Database/BaseConnection.php(663): CodeIgniter\Database\MySQLi\Connection->execute()
#2 /var/www/html/spod/system/Database/BaseConnection.php(591): CodeIgniter\Database\BaseConnection->simpleQuery()
#3 /var/www/html/spod/system/Database/BaseBuilder.php(1428): CodeIgniter\Database\BaseConnection->query()
#4 /var/www/html/spod/app/Helpers/my_helper.php(224): CodeIgniter\Database\BaseBuilder->get()
#5 /var/www/html/spod/app/Views/temuan/index.php(53): jml_rekomendasi()
#6 /var/www/html/spod/system/View/View.php(214): include('/var/www/html/s...')
#7 /var/www/html/spod/system/View/View.php(217): CodeIgniter\View\View->CodeIgniter\View\{closure}()
#8 /var/www/html/spod/system/Common.php(1092): CodeIgniter\View\View->render()
#9 /var/www/html/spod/app/Controllers/Temuan.php(58): view()
#10 /var/www/html/spod/system/CodeIgniter.php(802): App\Controllers\Temuan->data_temuan()
#11 /var/www/html/spod/system/CodeIgniter.php(399): CodeIgniter\CodeIgniter->runController()
#12 /var/www/html/spod/system/CodeIgniter.php(317): CodeIgniter\CodeIgniter->handleRequest()
#13 /var/www/html/spod/public/index.php(36): CodeIgniter\CodeIgniter->run()
#14 {main}
ERROR - 2023-01-26 11:09:44 --> Unknown column 'temuan.id' in 'on clause'
CRITICAL - 2023-01-26 11:09:44 --> Unknown column 'temuan.id' in 'on clause'
#0 /var/www/html/spod/system/Database/MySQLi/Connection.php(280): mysqli->query()
#1 /var/www/html/spod/system/Database/BaseConnection.php(663): CodeIgniter\Database\MySQLi\Connection->execute()
#2 /var/www/html/spod/system/Database/BaseConnection.php(591): CodeIgniter\Database\BaseConnection->simpleQuery()
#3 /var/www/html/spod/system/Database/BaseBuilder.php(1428): CodeIgniter\Database\BaseConnection->query()
#4 /var/www/html/spod/app/Helpers/my_helper.php(224): CodeIgniter\Database\BaseBuilder->get()
#5 /var/www/html/spod/app/Views/temuan/index.php(53): jml_rekomendasi()
#6 /var/www/html/spod/system/View/View.php(214): include('/var/www/html/s...')
#7 /var/www/html/spod/system/View/View.php(217): CodeIgniter\View\View->CodeIgniter\View\{closure}()
#8 /var/www/html/spod/system/Common.php(1092): CodeIgniter\View\View->render()
#9 /var/www/html/spod/app/Controllers/Temuan.php(58): view()
#10 /var/www/html/spod/system/CodeIgniter.php(802): App\Controllers\Temuan->data_temuan()
#11 /var/www/html/spod/system/CodeIgniter.php(399): CodeIgniter\CodeIgniter->runController()
#12 /var/www/html/spod/system/CodeIgniter.php(317): CodeIgniter\CodeIgniter->handleRequest()
#13 /var/www/html/spod/public/index.php(36): CodeIgniter\CodeIgniter->run()
#14 {main}
ERROR - 2023-01-26 11:09:45 --> Unknown column 'temuan.id' in 'on clause'
CRITICAL - 2023-01-26 11:09:45 --> Unknown column 'temuan.id' in 'on clause'
#0 /var/www/html/spod/system/Database/MySQLi/Connection.php(280): mysqli->query()
#1 /var/www/html/spod/system/Database/BaseConnection.php(663): CodeIgniter\Database\MySQLi\Connection->execute()
#2 /var/www/html/spod/system/Database/BaseConnection.php(591): CodeIgniter\Database\BaseConnection->simpleQuery()
#3 /var/www/html/spod/system/Database/BaseBuilder.php(1428): CodeIgniter\Database\BaseConnection->query()
#4 /var/www/html/spod/app/Helpers/my_helper.php(224): CodeIgniter\Database\BaseBuilder->get()
#5 /var/www/html/spod/app/Views/temuan/index.php(53): jml_rekomendasi()
#6 /var/www/html/spod/system/View/View.php(214): include('/var/www/html/s...')
#7 /var/www/html/spod/system/View/View.php(217): CodeIgniter\View\View->CodeIgniter\View\{closure}()
#8 /var/www/html/spod/system/Common.php(1092): CodeIgniter\View\View->render()
#9 /var/www/html/spod/app/Controllers/Temuan.php(58): view()
#10 /var/www/html/spod/system/CodeIgniter.php(802): App\Controllers\Temuan->data_temuan()
#11 /var/www/html/spod/system/CodeIgniter.php(399): CodeIgniter\CodeIgniter->runController()
#12 /var/www/html/spod/system/CodeIgniter.php(317): CodeIgniter\CodeIgniter->handleRequest()
#13 /var/www/html/spod/public/index.php(36): CodeIgniter\CodeIgniter->run()
#14 {main}
ERROR - 2023-01-26 11:09:46 --> Unknown column 'temuan.id' in 'on clause'
CRITICAL - 2023-01-26 11:09:46 --> Unknown column 'temuan.id' in 'on clause'
#0 /var/www/html/spod/system/Database/MySQLi/Connection.php(280): mysqli->query()
#1 /var/www/html/spod/system/Database/BaseConnection.php(663): CodeIgniter\Database\MySQLi\Connection->execute()
#2 /var/www/html/spod/system/Database/BaseConnection.php(591): CodeIgniter\Database\BaseConnection->simpleQuery()
#3 /var/www/html/spod/system/Database/BaseBuilder.php(1428): CodeIgniter\Database\BaseConnection->query()
#4 /var/www/html/spod/app/Helpers/my_helper.php(224): CodeIgniter\Database\BaseBuilder->get()
#5 /var/www/html/spod/app/Views/temuan/index.php(53): jml_rekomendasi()
#6 /var/www/html/spod/system/View/View.php(214): include('/var/www/html/s...')
#7 /var/www/html/spod/system/View/View.php(217): CodeIgniter\View\View->CodeIgniter\View\{closure}()
#8 /var/www/html/spod/system/Common.php(1092): CodeIgniter\View\View->render()
#9 /var/www/html/spod/app/Controllers/Temuan.php(58): view()
#10 /var/www/html/spod/system/CodeIgniter.php(802): App\Controllers\Temuan->data_temuan()
#11 /var/www/html/spod/system/CodeIgniter.php(399): CodeIgniter\CodeIgniter->runController()
#12 /var/www/html/spod/system/CodeIgniter.php(317): CodeIgniter\CodeIgniter->handleRequest()
#13 /var/www/html/spod/public/index.php(36): CodeIgniter\CodeIgniter->run()
#14 {main}
ERROR - 2023-01-26 11:09:46 --> Unknown column 'temuan.id' in 'on clause'
CRITICAL - 2023-01-26 11:09:46 --> Unknown column 'temuan.id' in 'on clause'
#0 /var/www/html/spod/system/Database/MySQLi/Connection.php(280): mysqli->query()
#1 /var/www/html/spod/system/Database/BaseConnection.php(663): CodeIgniter\Database\MySQLi\Connection->execute()
#2 /var/www/html/spod/system/Database/BaseConnection.php(591): CodeIgniter\Database\BaseConnection->simpleQuery()
#3 /var/www/html/spod/system/Database/BaseBuilder.php(1428): CodeIgniter\Database\BaseConnection->query()
#4 /var/www/html/spod/app/Helpers/my_helper.php(224): CodeIgniter\Database\BaseBuilder->get()
#5 /var/www/html/spod/app/Views/temuan/index.php(53): jml_rekomendasi()
#6 /var/www/html/spod/system/View/View.php(214): include('/var/www/html/s...')
#7 /var/www/html/spod/system/View/View.php(217): CodeIgniter\View\View->CodeIgniter\View\{closure}()
#8 /var/www/html/spod/system/Common.php(1092): CodeIgniter\View\View->render()
#9 /var/www/html/spod/app/Controllers/Temuan.php(58): view()
#10 /var/www/html/spod/system/CodeIgniter.php(802): App\Controllers\Temuan->data_temuan()
#11 /var/www/html/spod/system/CodeIgniter.php(399): CodeIgniter\CodeIgniter->runController()
#12 /var/www/html/spod/system/CodeIgniter.php(317): CodeIgniter\CodeIgniter->handleRequest()
#13 /var/www/html/spod/public/index.php(36): CodeIgniter\CodeIgniter->run()
#14 {main}
ERROR - 2023-01-26 11:09:46 --> Unknown column 'temuan.id' in 'on clause'
CRITICAL - 2023-01-26 11:09:46 --> Unknown column 'temuan.id' in 'on clause'
#0 /var/www/html/spod/system/Database/MySQLi/Connection.php(280): mysqli->query()
#1 /var/www/html/spod/system/Database/BaseConnection.php(663): CodeIgniter\Database\MySQLi\Connection->execute()
#2 /var/www/html/spod/system/Database/BaseConnection.php(591): CodeIgniter\Database\BaseConnection->simpleQuery()
#3 /var/www/html/spod/system/Database/BaseBuilder.php(1428): CodeIgniter\Database\BaseConnection->query()
#4 /var/www/html/spod/app/Helpers/my_helper.php(224): CodeIgniter\Database\BaseBuilder->get()
#5 /var/www/html/spod/app/Views/temuan/index.php(53): jml_rekomendasi()
#6 /var/www/html/spod/system/View/View.php(214): include('/var/www/html/s...')
#7 /var/www/html/spod/system/View/View.php(217): CodeIgniter\View\View->CodeIgniter\View\{closure}()
#8 /var/www/html/spod/system/Common.php(1092): CodeIgniter\View\View->render()
#9 /var/www/html/spod/app/Controllers/Temuan.php(58): view()
#10 /var/www/html/spod/system/CodeIgniter.php(802): App\Controllers\Temuan->data_temuan()
#11 /var/www/html/spod/system/CodeIgniter.php(399): CodeIgniter\CodeIgniter->runController()
#12 /var/www/html/spod/system/CodeIgniter.php(317): CodeIgniter\CodeIgniter->handleRequest()
#13 /var/www/html/spod/public/index.php(36): CodeIgniter\CodeIgniter->run()
#14 {main}
ERROR - 2023-01-26 11:09:46 --> Unknown column 'temuan.id' in 'on clause'
CRITICAL - 2023-01-26 11:09:46 --> Unknown column 'temuan.id' in 'on clause'
#0 /var/www/html/spod/system/Database/MySQLi/Connection.php(280): mysqli->query()
#1 /var/www/html/spod/system/Database/BaseConnection.php(663): CodeIgniter\Database\MySQLi\Connection->execute()
#2 /var/www/html/spod/system/Database/BaseConnection.php(591): CodeIgniter\Database\BaseConnection->simpleQuery()
#3 /var/www/html/spod/system/Database/BaseBuilder.php(1428): CodeIgniter\Database\BaseConnection->query()
#4 /var/www/html/spod/app/Helpers/my_helper.php(224): CodeIgniter\Database\BaseBuilder->get()
#5 /var/www/html/spod/app/Views/temuan/index.php(53): jml_rekomendasi()
#6 /var/www/html/spod/system/View/View.php(214): include('/var/www/html/s...')
#7 /var/www/html/spod/system/View/View.php(217): CodeIgniter\View\View->CodeIgniter\View\{closure}()
#8 /var/www/html/spod/system/Common.php(1092): CodeIgniter\View\View->render()
#9 /var/www/html/spod/app/Controllers/Temuan.php(58): view()
#10 /var/www/html/spod/system/CodeIgniter.php(802): App\Controllers\Temuan->data_temuan()
#11 /var/www/html/spod/system/CodeIgniter.php(399): CodeIgniter\CodeIgniter->runController()
#12 /var/www/html/spod/system/CodeIgniter.php(317): CodeIgniter\CodeIgniter->handleRequest()
#13 /var/www/html/spod/public/index.php(36): CodeIgniter\CodeIgniter->run()
#14 {main}
CRITICAL - 2023-01-26 12:42:20 --> Undefined index: id_temuan
#0 /var/www/html/spod/app/Views/temuan/index.php(52): CodeIgniter\Debug\Exceptions->errorHandler()
#1 /var/www/html/spod/system/View/View.php(214): include('/var/www/html/s...')
#2 /var/www/html/spod/system/View/View.php(217): CodeIgniter\View\View->CodeIgniter\View\{closure}()
#3 /var/www/html/spod/system/Common.php(1092): CodeIgniter\View\View->render()
#4 /var/www/html/spod/app/Controllers/Temuan.php(58): view()
#5 /var/www/html/spod/system/CodeIgniter.php(802): App\Controllers\Temuan->data_temuan()
#6 /var/www/html/spod/system/CodeIgniter.php(399): CodeIgniter\CodeIgniter->runController()
#7 /var/www/html/spod/system/CodeIgniter.php(317): CodeIgniter\CodeIgniter->handleRequest()
#8 /var/www/html/spod/public/index.php(36): CodeIgniter\CodeIgniter->run()
#9 {main}
CRITICAL - 2023-01-26 12:42:22 --> Undefined index: id_temuan
#0 /var/www/html/spod/app/Views/temuan/index.php(52): CodeIgniter\Debug\Exceptions->errorHandler()
#1 /var/www/html/spod/system/View/View.php(214): include('/var/www/html/s...')
#2 /var/www/html/spod/system/View/View.php(217): CodeIgniter\View\View->CodeIgniter\View\{closure}()
#3 /var/www/html/spod/system/Common.php(1092): CodeIgniter\View\View->render()
#4 /var/www/html/spod/app/Controllers/Temuan.php(58): view()
#5 /var/www/html/spod/system/CodeIgniter.php(802): App\Controllers\Temuan->data_temuan()
#6 /var/www/html/spod/system/CodeIgniter.php(399): CodeIgniter\CodeIgniter->runController()
#7 /var/www/html/spod/system/CodeIgniter.php(317): CodeIgniter\CodeIgniter->handleRequest()
#8 /var/www/html/spod/public/index.php(36): CodeIgniter\CodeIgniter->run()
#9 {main}
CRITICAL - 2023-01-26 12:43:01 --> Undefined index: id_detail_temuan
#0 /var/www/html/spod/app/Views/temuan/index.php(53): CodeIgniter\Debug\Exceptions->errorHandler()
#1 /var/www/html/spod/system/View/View.php(214): include('/var/www/html/s...')
#2 /var/www/html/spod/system/View/View.php(217): CodeIgniter\View\View->CodeIgniter\View\{closure}()
#3 /var/www/html/spod/system/Common.php(1092): CodeIgniter\View\View->render()
#4 /var/www/html/spod/app/Controllers/Temuan.php(58): view()
#5 /var/www/html/spod/system/CodeIgniter.php(802): App\Controllers\Temuan->data_temuan()
#6 /var/www/html/spod/system/CodeIgniter.php(399): CodeIgniter\CodeIgniter->runController()
#7 /var/www/html/spod/system/CodeIgniter.php(317): CodeIgniter\CodeIgniter->handleRequest()
#8 /var/www/html/spod/public/index.php(36): CodeIgniter\CodeIgniter->run()
#9 {main}
ERROR - 2023-01-26 12:50:35 --> Unknown column 'temuan.tahun' in 'group statement'
CRITICAL - 2023-01-26 12:50:35 --> Unknown column 'temuan.tahun' in 'group statement'
#0 /var/www/html/spod/system/Database/MySQLi/Connection.php(280): mysqli->query()
#1 /var/www/html/spod/system/Database/BaseConnection.php(663): CodeIgniter\Database\MySQLi\Connection->execute()
#2 /var/www/html/spod/system/Database/BaseConnection.php(591): CodeIgniter\Database\BaseConnection->simpleQuery()
#3 /var/www/html/spod/system/Database/BaseBuilder.php(1428): CodeIgniter\Database\BaseConnection->query()
#4 /var/www/html/spod/app/Helpers/my_helper.php(229): CodeIgniter\Database\BaseBuilder->get()
#5 /var/www/html/spod/app/Views/temuan/index.php(53): jml_rekomendasi()
#6 /var/www/html/spod/system/View/View.php(214): include('/var/www/html/s...')
#7 /var/www/html/spod/system/View/View.php(217): CodeIgniter\View\View->CodeIgniter\View\{closure}()
#8 /var/www/html/spod/system/Common.php(1092): CodeIgniter\View\View->render()
#9 /var/www/html/spod/app/Controllers/Temuan.php(58): view()
#10 /var/www/html/spod/system/CodeIgniter.php(802): App\Controllers\Temuan->data_temuan()
#11 /var/www/html/spod/system/CodeIgniter.php(399): CodeIgniter\CodeIgniter->runController()
#12 /var/www/html/spod/system/CodeIgniter.php(317): CodeIgniter\CodeIgniter->handleRequest()
#13 /var/www/html/spod/public/index.php(36): CodeIgniter\CodeIgniter->run()
#14 {main}
ERROR - 2023-01-26 12:50:36 --> Unknown column 'temuan.tahun' in 'group statement'
CRITICAL - 2023-01-26 12:50:36 --> Unknown column 'temuan.tahun' in 'group statement'
#0 /var/www/html/spod/system/Database/MySQLi/Connection.php(280): mysqli->query()
#1 /var/www/html/spod/system/Database/BaseConnection.php(663): CodeIgniter\Database\MySQLi\Connection->execute()
#2 /var/www/html/spod/system/Database/BaseConnection.php(591): CodeIgniter\Database\BaseConnection->simpleQuery()
#3 /var/www/html/spod/system/Database/BaseBuilder.php(1428): CodeIgniter\Database\BaseConnection->query()
#4 /var/www/html/spod/app/Helpers/my_helper.php(229): CodeIgniter\Database\BaseBuilder->get()
#5 /var/www/html/spod/app/Views/temuan/index.php(53): jml_rekomendasi()
#6 /var/www/html/spod/system/View/View.php(214): include('/var/www/html/s...')
#7 /var/www/html/spod/system/View/View.php(217): CodeIgniter\View\View->CodeIgniter\View\{closure}()
#8 /var/www/html/spod/system/Common.php(1092): CodeIgniter\View\View->render()
#9 /var/www/html/spod/app/Controllers/Temuan.php(58): view()
#10 /var/www/html/spod/system/CodeIgniter.php(802): App\Controllers\Temuan->data_temuan()
#11 /var/www/html/spod/system/CodeIgniter.php(399): CodeIgniter\CodeIgniter->runController()
#12 /var/www/html/spod/system/CodeIgniter.php(317): CodeIgniter\CodeIgniter->handleRequest()
#13 /var/www/html/spod/public/index.php(36): CodeIgniter\CodeIgniter->run()
#14 {main}
ERROR - 2023-01-26 12:50:37 --> Unknown column 'temuan.tahun' in 'group statement'
CRITICAL - 2023-01-26 12:50:37 --> Unknown column 'temuan.tahun' in 'group statement'
#0 /var/www/html/spod/system/Database/MySQLi/Connection.php(280): mysqli->query()
#1 /var/www/html/spod/system/Database/BaseConnection.php(663): CodeIgniter\Database\MySQLi\Connection->execute()
#2 /var/www/html/spod/system/Database/BaseConnection.php(591): CodeIgniter\Database\BaseConnection->simpleQuery()
#3 /var/www/html/spod/system/Database/BaseBuilder.php(1428): CodeIgniter\Database\BaseConnection->query()
#4 /var/www/html/spod/app/Helpers/my_helper.php(229): CodeIgniter\Database\BaseBuilder->get()
#5 /var/www/html/spod/app/Views/temuan/index.php(53): jml_rekomendasi()
#6 /var/www/html/spod/system/View/View.php(214): include('/var/www/html/s...')
#7 /var/www/html/spod/system/View/View.php(217): CodeIgniter\View\View->CodeIgniter\View\{closure}()
#8 /var/www/html/spod/system/Common.php(1092): CodeIgniter\View\View->render()
#9 /var/www/html/spod/app/Controllers/Temuan.php(58): view()
#10 /var/www/html/spod/system/CodeIgniter.php(802): App\Controllers\Temuan->data_temuan()
#11 /var/www/html/spod/system/CodeIgniter.php(399): CodeIgniter\CodeIgniter->runController()
#12 /var/www/html/spod/system/CodeIgniter.php(317): CodeIgniter\CodeIgniter->handleRequest()
#13 /var/www/html/spod/public/index.php(36): CodeIgniter\CodeIgniter->run()
#14 {main}
ERROR - 2023-01-26 12:50:39 --> Unknown column 'temuan.tahun' in 'group statement'
CRITICAL - 2023-01-26 12:50:39 --> Unknown column 'temuan.tahun' in 'group statement'
#0 /var/www/html/spod/system/Database/MySQLi/Connection.php(280): mysqli->query()
#1 /var/www/html/spod/system/Database/BaseConnection.php(663): CodeIgniter\Database\MySQLi\Connection->execute()
#2 /var/www/html/spod/system/Database/BaseConnection.php(591): CodeIgniter\Database\BaseConnection->simpleQuery()
#3 /var/www/html/spod/system/Database/BaseBuilder.php(1428): CodeIgniter\Database\BaseConnection->query()
#4 /var/www/html/spod/app/Helpers/my_helper.php(229): CodeIgniter\Database\BaseBuilder->get()
#5 /var/www/html/spod/app/Views/temuan/index.php(53): jml_rekomendasi()
#6 /var/www/html/spod/system/View/View.php(214): include('/var/www/html/s...')
#7 /var/www/html/spod/system/View/View.php(217): CodeIgniter\View\View->CodeIgniter\View\{closure}()
#8 /var/www/html/spod/system/Common.php(1092): CodeIgniter\View\View->render()
#9 /var/www/html/spod/app/Controllers/Temuan.php(58): view()
#10 /var/www/html/spod/system/CodeIgniter.php(802): App\Controllers\Temuan->data_temuan()
#11 /var/www/html/spod/system/CodeIgniter.php(399): CodeIgniter\CodeIgniter->runController()
#12 /var/www/html/spod/system/CodeIgniter.php(317): CodeIgniter\CodeIgniter->handleRequest()
#13 /var/www/html/spod/public/index.php(36): CodeIgniter\CodeIgniter->run()
#14 {main}
ERROR - 2023-01-26 12:50:42 --> Unknown column 'temuan.tahun' in 'group statement'
CRITICAL - 2023-01-26 12:50:42 --> Unknown column 'temuan.tahun' in 'group statement'
#0 /var/www/html/spod/system/Database/MySQLi/Connection.php(280): mysqli->query()
#1 /var/www/html/spod/system/Database/BaseConnection.php(663): CodeIgniter\Database\MySQLi\Connection->execute()
#2 /var/www/html/spod/system/Database/BaseConnection.php(591): CodeIgniter\Database\BaseConnection->simpleQuery()
#3 /var/www/html/spod/system/Database/BaseBuilder.php(1428): CodeIgniter\Database\BaseConnection->query()
#4 /var/www/html/spod/app/Helpers/my_helper.php(229): CodeIgniter\Database\BaseBuilder->get()
#5 /var/www/html/spod/app/Views/temuan/index.php(53): jml_rekomendasi()
#6 /var/www/html/spod/system/View/View.php(214): include('/var/www/html/s...')
#7 /var/www/html/spod/system/View/View.php(217): CodeIgniter\View\View->CodeIgniter\View\{closure}()
#8 /var/www/html/spod/system/Common.php(1092): CodeIgniter\View\View->render()
#9 /var/www/html/spod/app/Controllers/Temuan.php(58): view()
#10 /var/www/html/spod/system/CodeIgniter.php(802): App\Controllers\Temuan->data_temuan()
#11 /var/www/html/spod/system/CodeIgniter.php(399): CodeIgniter\CodeIgniter->runController()
#12 /var/www/html/spod/system/CodeIgniter.php(317): CodeIgniter\CodeIgniter->handleRequest()
#13 /var/www/html/spod/public/index.php(36): CodeIgniter\CodeIgniter->run()
#14 {main}
ERROR - 2023-01-26 12:51:01 --> Unknown column 'temuan.tahun' in 'group statement'
CRITICAL - 2023-01-26 12:51:01 --> Unknown column 'temuan.tahun' in 'group statement'
#0 /var/www/html/spod/system/Database/MySQLi/Connection.php(280): mysqli->query()
#1 /var/www/html/spod/system/Database/BaseConnection.php(663): CodeIgniter\Database\MySQLi\Connection->execute()
#2 /var/www/html/spod/system/Database/BaseConnection.php(591): CodeIgniter\Database\BaseConnection->simpleQuery()
#3 /var/www/html/spod/system/Database/BaseBuilder.php(1428): CodeIgniter\Database\BaseConnection->query()
#4 /var/www/html/spod/app/Helpers/my_helper.php(229): CodeIgniter\Database\BaseBuilder->get()
#5 /var/www/html/spod/app/Views/temuan/index.php(53): jml_rekomendasi()
#6 /var/www/html/spod/system/View/View.php(214): include('/var/www/html/s...')
#7 /var/www/html/spod/system/View/View.php(217): CodeIgniter\View\View->CodeIgniter\View\{closure}()
#8 /var/www/html/spod/system/Common.php(1092): CodeIgniter\View\View->render()
#9 /var/www/html/spod/app/Controllers/Temuan.php(58): view()
#10 /var/www/html/spod/system/CodeIgniter.php(802): App\Controllers\Temuan->data_temuan()
#11 /var/www/html/spod/system/CodeIgniter.php(399): CodeIgniter\CodeIgniter->runController()
#12 /var/www/html/spod/system/CodeIgniter.php(317): CodeIgniter\CodeIgniter->handleRequest()
#13 /var/www/html/spod/public/index.php(36): CodeIgniter\CodeIgniter->run()
#14 {main}
ERROR - 2023-01-26 12:51:17 --> Unknown column 'temuan.tahun' in 'group statement'
CRITICAL - 2023-01-26 12:51:17 --> Unknown column 'temuan.tahun' in 'group statement'
#0 /var/www/html/spod/system/Database/MySQLi/Connection.php(280): mysqli->query()
#1 /var/www/html/spod/system/Database/BaseConnection.php(663): CodeIgniter\Database\MySQLi\Connection->execute()
#2 /var/www/html/spod/system/Database/BaseConnection.php(591): CodeIgniter\Database\BaseConnection->simpleQuery()
#3 /var/www/html/spod/system/Database/BaseBuilder.php(1428): CodeIgniter\Database\BaseConnection->query()
#4 /var/www/html/spod/app/Helpers/my_helper.php(229): CodeIgniter\Database\BaseBuilder->get()
#5 /var/www/html/spod/app/Views/temuan/index.php(53): jml_rekomendasi()
#6 /var/www/html/spod/system/View/View.php(214): include('/var/www/html/s...')
#7 /var/www/html/spod/system/View/View.php(217): CodeIgniter\View\View->CodeIgniter\View\{closure}()
#8 /var/www/html/spod/system/Common.php(1092): CodeIgniter\View\View->render()
#9 /var/www/html/spod/app/Controllers/Temuan.php(58): view()
#10 /var/www/html/spod/system/CodeIgniter.php(802): App\Controllers\Temuan->data_temuan()
#11 /var/www/html/spod/system/CodeIgniter.php(399): CodeIgniter\CodeIgniter->runController()
#12 /var/www/html/spod/system/CodeIgniter.php(317): CodeIgniter\CodeIgniter->handleRequest()
#13 /var/www/html/spod/public/index.php(36): CodeIgniter\CodeIgniter->run()
#14 {main}
ERROR - 2023-01-26 12:51:41 --> Unknown column 'temuan.tahun' in 'group statement'
CRITICAL - 2023-01-26 12:51:41 --> Unknown column 'temuan.tahun' in 'group statement'
#0 /var/www/html/spod/system/Database/MySQLi/Connection.php(280): mysqli->query()
#1 /var/www/html/spod/system/Database/BaseConnection.php(663): CodeIgniter\Database\MySQLi\Connection->execute()
#2 /var/www/html/spod/system/Database/BaseConnection.php(591): CodeIgniter\Database\BaseConnection->simpleQuery()
#3 /var/www/html/spod/system/Database/BaseBuilder.php(1428): CodeIgniter\Database\BaseConnection->query()
#4 /var/www/html/spod/app/Helpers/my_helper.php(229): CodeIgniter\Database\BaseBuilder->get()
#5 /var/www/html/spod/app/Views/temuan/index.php(53): jml_rekomendasi()
#6 /var/www/html/spod/system/View/View.php(214): include('/var/www/html/s...')
#7 /var/www/html/spod/system/View/View.php(217): CodeIgniter\View\View->CodeIgniter\View\{closure}()
#8 /var/www/html/spod/system/Common.php(1092): CodeIgniter\View\View->render()
#9 /var/www/html/spod/app/Controllers/Temuan.php(58): view()
#10 /var/www/html/spod/system/CodeIgniter.php(802): App\Controllers\Temuan->data_temuan()
#11 /var/www/html/spod/system/CodeIgniter.php(399): CodeIgniter\CodeIgniter->runController()
#12 /var/www/html/spod/system/CodeIgniter.php(317): CodeIgniter\CodeIgniter->handleRequest()
#13 /var/www/html/spod/public/index.php(36): CodeIgniter\CodeIgniter->run()
#14 {main}
ERROR - 2023-01-26 12:51:42 --> Unknown column 'temuan.tahun' in 'group statement'
CRITICAL - 2023-01-26 12:51:42 --> Unknown column 'temuan.tahun' in 'group statement'
#0 /var/www/html/spod/system/Database/MySQLi/Connection.php(280): mysqli->query()
#1 /var/www/html/spod/system/Database/BaseConnection.php(663): CodeIgniter\Database\MySQLi\Connection->execute()
#2 /var/www/html/spod/system/Database/BaseConnection.php(591): CodeIgniter\Database\BaseConnection->simpleQuery()
#3 /var/www/html/spod/system/Database/BaseBuilder.php(1428): CodeIgniter\Database\BaseConnection->query()
#4 /var/www/html/spod/app/Helpers/my_helper.php(229): CodeIgniter\Database\BaseBuilder->get()
#5 /var/www/html/spod/app/Views/temuan/index.php(53): jml_rekomendasi()
#6 /var/www/html/spod/system/View/View.php(214): include('/var/www/html/s...')
#7 /var/www/html/spod/system/View/View.php(217): CodeIgniter\View\View->CodeIgniter\View\{closure}()
#8 /var/www/html/spod/system/Common.php(1092): CodeIgniter\View\View->render()
#9 /var/www/html/spod/app/Controllers/Temuan.php(58): view()
#10 /var/www/html/spod/system/CodeIgniter.php(802): App\Controllers\Temuan->data_temuan()
#11 /var/www/html/spod/system/CodeIgniter.php(399): CodeIgniter\CodeIgniter->runController()
#12 /var/www/html/spod/system/CodeIgniter.php(317): CodeIgniter\CodeIgniter->handleRequest()
#13 /var/www/html/spod/public/index.php(36): CodeIgniter\CodeIgniter->run()
#14 {main}
ERROR - 2023-01-26 12:51:43 --> Unknown column 'temuan.tahun' in 'group statement'
CRITICAL - 2023-01-26 12:51:43 --> Unknown column 'temuan.tahun' in 'group statement'
#0 /var/www/html/spod/system/Database/MySQLi/Connection.php(280): mysqli->query()
#1 /var/www/html/spod/system/Database/BaseConnection.php(663): CodeIgniter\Database\MySQLi\Connection->execute()
#2 /var/www/html/spod/system/Database/BaseConnection.php(591): CodeIgniter\Database\BaseConnection->simpleQuery()
#3 /var/www/html/spod/system/Database/BaseBuilder.php(1428): CodeIgniter\Database\BaseConnection->query()
#4 /var/www/html/spod/app/Helpers/my_helper.php(229): CodeIgniter\Database\BaseBuilder->get()
#5 /var/www/html/spod/app/Views/temuan/index.php(53): jml_rekomendasi()
#6 /var/www/html/spod/system/View/View.php(214): include('/var/www/html/s...')
#7 /var/www/html/spod/system/View/View.php(217): CodeIgniter\View\View->CodeIgniter\View\{closure}()
#8 /var/www/html/spod/system/Common.php(1092): CodeIgniter\View\View->render()
#9 /var/www/html/spod/app/Controllers/Temuan.php(58): view()
#10 /var/www/html/spod/system/CodeIgniter.php(802): App\Controllers\Temuan->data_temuan()
#11 /var/www/html/spod/system/CodeIgniter.php(399): CodeIgniter\CodeIgniter->runController()
#12 /var/www/html/spod/system/CodeIgniter.php(317): CodeIgniter\CodeIgniter->handleRequest()
#13 /var/www/html/spod/public/index.php(36): CodeIgniter\CodeIgniter->run()
#14 {main}
ERROR - 2023-01-26 12:51:44 --> Unknown column 'temuan.tahun' in 'group statement'
CRITICAL - 2023-01-26 12:51:44 --> Unknown column 'temuan.tahun' in 'group statement'
#0 /var/www/html/spod/system/Database/MySQLi/Connection.php(280): mysqli->query()
#1 /var/www/html/spod/system/Database/BaseConnection.php(663): CodeIgniter\Database\MySQLi\Connection->execute()
#2 /var/www/html/spod/system/Database/BaseConnection.php(591): CodeIgniter\Database\BaseConnection->simpleQuery()
#3 /var/www/html/spod/system/Database/BaseBuilder.php(1428): CodeIgniter\Database\BaseConnection->query()
#4 /var/www/html/spod/app/Helpers/my_helper.php(229): CodeIgniter\Database\BaseBuilder->get()
#5 /var/www/html/spod/app/Views/temuan/index.php(53): jml_rekomendasi()
#6 /var/www/html/spod/system/View/View.php(214): include('/var/www/html/s...')
#7 /var/www/html/spod/system/View/View.php(217): CodeIgniter\View\View->CodeIgniter\View\{closure}()
#8 /var/www/html/spod/system/Common.php(1092): CodeIgniter\View\View->render()
#9 /var/www/html/spod/app/Controllers/Temuan.php(58): view()
#10 /var/www/html/spod/system/CodeIgniter.php(802): App\Controllers\Temuan->data_temuan()
#11 /var/www/html/spod/system/CodeIgniter.php(399): CodeIgniter\CodeIgniter->runController()
#12 /var/www/html/spod/system/CodeIgniter.php(317): CodeIgniter\CodeIgniter->handleRequest()
#13 /var/www/html/spod/public/index.php(36): CodeIgniter\CodeIgniter->run()
#14 {main}
ERROR - 2023-01-26 12:51:54 --> Unknown column 'temuan.tahun' in 'group statement'
CRITICAL - 2023-01-26 12:51:54 --> Unknown column 'temuan.tahun' in 'group statement'
#0 /var/www/html/spod/system/Database/MySQLi/Connection.php(280): mysqli->query()
#1 /var/www/html/spod/system/Database/BaseConnection.php(663): CodeIgniter\Database\MySQLi\Connection->execute()
#2 /var/www/html/spod/system/Database/BaseConnection.php(591): CodeIgniter\Database\BaseConnection->simpleQuery()
#3 /var/www/html/spod/system/Database/BaseBuilder.php(1428): CodeIgniter\Database\BaseConnection->query()
#4 /var/www/html/spod/app/Helpers/my_helper.php(229): CodeIgniter\Database\BaseBuilder->get()
#5 /var/www/html/spod/app/Views/temuan/index.php(53): jml_rekomendasi()
#6 /var/www/html/spod/system/View/View.php(214): include('/var/www/html/s...')
#7 /var/www/html/spod/system/View/View.php(217): CodeIgniter\View\View->CodeIgniter\View\{closure}()
#8 /var/www/html/spod/system/Common.php(1092): CodeIgniter\View\View->render()
#9 /var/www/html/spod/app/Controllers/Temuan.php(58): view()
#10 /var/www/html/spod/system/CodeIgniter.php(802): App\Controllers\Temuan->data_temuan()
#11 /var/www/html/spod/system/CodeIgniter.php(399): CodeIgniter\CodeIgniter->runController()
#12 /var/www/html/spod/system/CodeIgniter.php(317): CodeIgniter\CodeIgniter->handleRequest()
#13 /var/www/html/spod/public/index.php(36): CodeIgniter\CodeIgniter->run()
#14 {main}
ERROR - 2023-01-26 12:51:55 --> Unknown column 'temuan.tahun' in 'group statement'
CRITICAL - 2023-01-26 12:51:55 --> Unknown column 'temuan.tahun' in 'group statement'
#0 /var/www/html/spod/system/Database/MySQLi/Connection.php(280): mysqli->query()
#1 /var/www/html/spod/system/Database/BaseConnection.php(663): CodeIgniter\Database\MySQLi\Connection->execute()
#2 /var/www/html/spod/system/Database/BaseConnection.php(591): CodeIgniter\Database\BaseConnection->simpleQuery()
#3 /var/www/html/spod/system/Database/BaseBuilder.php(1428): CodeIgniter\Database\BaseConnection->query()
#4 /var/www/html/spod/app/Helpers/my_helper.php(229): CodeIgniter\Database\BaseBuilder->get()
#5 /var/www/html/spod/app/Views/temuan/index.php(53): jml_rekomendasi()
#6 /var/www/html/spod/system/View/View.php(214): include('/var/www/html/s...')
#7 /var/www/html/spod/system/View/View.php(217): CodeIgniter\View\View->CodeIgniter\View\{closure}()
#8 /var/www/html/spod/system/Common.php(1092): CodeIgniter\View\View->render()
#9 /var/www/html/spod/app/Controllers/Temuan.php(58): view()
#10 /var/www/html/spod/system/CodeIgniter.php(802): App\Controllers\Temuan->data_temuan()
#11 /var/www/html/spod/system/CodeIgniter.php(399): CodeIgniter\CodeIgniter->runController()
#12 /var/www/html/spod/system/CodeIgniter.php(317): CodeIgniter\CodeIgniter->handleRequest()
#13 /var/www/html/spod/public/index.php(36): CodeIgniter\CodeIgniter->run()
#14 {main}
ERROR - 2023-01-26 13:25:57 --> Duplicate entry '1' for key 'PRIMARY'
CRITICAL - 2023-01-26 13:25:57 --> Duplicate entry '1' for key 'PRIMARY'
#0 /var/www/html/spod/system/Database/MySQLi/Connection.php(280): mysqli->query()
#1 /var/www/html/spod/system/Database/BaseConnection.php(663): CodeIgniter\Database\MySQLi\Connection->execute()
#2 /var/www/html/spod/system/Database/BaseConnection.php(591): CodeIgniter\Database\BaseConnection->simpleQuery()
#3 /var/www/html/spod/system/Database/BaseBuilder.php(1875): CodeIgniter\Database\BaseConnection->query()
#4 /var/www/html/spod/app/Controllers/Temuan.php(117): CodeIgniter\Database\BaseBuilder->update()
#5 /var/www/html/spod/system/CodeIgniter.php(802): App\Controllers\Temuan->edit_temuan()
#6 /var/www/html/spod/system/CodeIgniter.php(399): CodeIgniter\CodeIgniter->runController()
#7 /var/www/html/spod/system/CodeIgniter.php(317): CodeIgniter\CodeIgniter->handleRequest()
#8 /var/www/html/spod/public/index.php(36): CodeIgniter\CodeIgniter->run()
#9 {main}
CRITICAL - 2023-01-26 13:42:18 --> Undefined index: temuan
#0 /var/www/html/spod/app/Views/temuan/temuan.php(254): CodeIgniter\Debug\Exceptions->errorHandler()
#1 /var/www/html/spod/system/View/View.php(214): include('/var/www/html/s...')
#2 /var/www/html/spod/system/View/View.php(217): CodeIgniter\View\View->CodeIgniter\View\{closure}()
#3 /var/www/html/spod/system/Common.php(1092): CodeIgniter\View\View->render()
#4 /var/www/html/spod/app/Controllers/Temuan.php(105): view()
#5 /var/www/html/spod/system/CodeIgniter.php(802): App\Controllers\Temuan->temuan()
#6 /var/www/html/spod/system/CodeIgniter.php(399): CodeIgniter\CodeIgniter->runController()
#7 /var/www/html/spod/system/CodeIgniter.php(317): CodeIgniter\CodeIgniter->handleRequest()
#8 /var/www/html/spod/public/index.php(36): CodeIgniter\CodeIgniter->run()
#9 {main}
CRITICAL - 2023-01-26 13:42:37 --> Undefined index: temuan
#0 /var/www/html/spod/app/Views/temuan/temuan.php(254): CodeIgniter\Debug\Exceptions->errorHandler()
#1 /var/www/html/spod/system/View/View.php(214): include('/var/www/html/s...')
#2 /var/www/html/spod/system/View/View.php(217): CodeIgniter\View\View->CodeIgniter\View\{closure}()
#3 /var/www/html/spod/system/Common.php(1092): CodeIgniter\View\View->render()
#4 /var/www/html/spod/app/Controllers/Temuan.php(105): view()
#5 /var/www/html/spod/system/CodeIgniter.php(802): App\Controllers\Temuan->temuan()
#6 /var/www/html/spod/system/CodeIgniter.php(399): CodeIgniter\CodeIgniter->runController()
#7 /var/www/html/spod/system/CodeIgniter.php(317): CodeIgniter\CodeIgniter->handleRequest()
#8 /var/www/html/spod/public/index.php(36): CodeIgniter\CodeIgniter->run()
#9 {main}
ERROR - 2023-01-26 14:00:30 --> Expression #1 of SELECT list is not in GROUP BY clause and contains nonaggregated column 'spod.desa.id' which is not functionally dependent on columns in GROUP BY clause; this is incompatible with sql_mode=only_full_group_by
CRITICAL - 2023-01-26 14:00:30 --> Expression #1 of SELECT list is not in GROUP BY clause and contains nonaggregated column 'spod.desa.id' which is not functionally dependent on columns in GROUP BY clause; this is incompatible with sql_mode=only_full_group_by
#0 /var/www/html/spod/system/Database/MySQLi/Connection.php(280): mysqli->query()
#1 /var/www/html/spod/system/Database/BaseConnection.php(663): CodeIgniter\Database\MySQLi\Connection->execute()
#2 /var/www/html/spod/system/Database/BaseConnection.php(591): CodeIgniter\Database\BaseConnection->simpleQuery()
#3 /var/www/html/spod/system/Database/BaseBuilder.php(1428): CodeIgniter\Database\BaseConnection->query()
#4 /var/www/html/spod/app/Controllers/Temuan.php(12): CodeIgniter\Database\BaseBuilder->get()
#5 /var/www/html/spod/system/CodeIgniter.php(802): App\Controllers\Temuan->index()
#6 /var/www/html/spod/system/CodeIgniter.php(399): CodeIgniter\CodeIgniter->runController()
#7 /var/www/html/spod/system/CodeIgniter.php(317): CodeIgniter\CodeIgniter->handleRequest()
#8 /var/www/html/spod/public/index.php(36): CodeIgniter\CodeIgniter->run()
#9 {main}
ERROR - 2023-01-26 22:02:25 --> Expression #1 of SELECT list is not in GROUP BY clause and contains nonaggregated column 'spod.desa.id' which is not functionally dependent on columns in GROUP BY clause; this is incompatible with sql_mode=only_full_group_by
CRITICAL - 2023-01-26 22:02:25 --> Expression #1 of SELECT list is not in GROUP BY clause and contains nonaggregated column 'spod.desa.id' which is not functionally dependent on columns in GROUP BY clause; this is incompatible with sql_mode=only_full_group_by
#0 /var/www/html/spod/system/Database/MySQLi/Connection.php(280): mysqli->query()
#1 /var/www/html/spod/system/Database/BaseConnection.php(663): CodeIgniter\Database\MySQLi\Connection->execute()
#2 /var/www/html/spod/system/Database/BaseConnection.php(591): CodeIgniter\Database\BaseConnection->simpleQuery()
#3 /var/www/html/spod/system/Database/BaseBuilder.php(1428): CodeIgniter\Database\BaseConnection->query()
#4 /var/www/html/spod/app/Controllers/Temuan.php(12): CodeIgniter\Database\BaseBuilder->get()
#5 /var/www/html/spod/system/CodeIgniter.php(802): App\Controllers\Temuan->index()
#6 /var/www/html/spod/system/CodeIgniter.php(399): CodeIgniter\CodeIgniter->runController()
#7 /var/www/html/spod/system/CodeIgniter.php(317): CodeIgniter\CodeIgniter->handleRequest()
#8 /var/www/html/spod/public/index.php(36): CodeIgniter\CodeIgniter->run()
#9 {main}
ERROR - 2023-01-26 22:05:22 --> Expression #1 of SELECT list is not in GROUP BY clause and contains nonaggregated column 'spod.desa.id' which is not functionally dependent on columns in GROUP BY clause; this is incompatible with sql_mode=only_full_group_by
CRITICAL - 2023-01-26 22:05:22 --> Expression #1 of SELECT list is not in GROUP BY clause and contains nonaggregated column 'spod.desa.id' which is not functionally dependent on columns in GROUP BY clause; this is incompatible with sql_mode=only_full_group_by
#0 /var/www/html/spod/system/Database/MySQLi/Connection.php(280): mysqli->query()
#1 /var/www/html/spod/system/Database/BaseConnection.php(663): CodeIgniter\Database\MySQLi\Connection->execute()
#2 /var/www/html/spod/system/Database/BaseConnection.php(591): CodeIgniter\Database\BaseConnection->simpleQuery()
#3 /var/www/html/spod/system/Database/BaseBuilder.php(1428): CodeIgniter\Database\BaseConnection->query()
#4 /var/www/html/spod/app/Controllers/Temuan.php(12): CodeIgniter\Database\BaseBuilder->get()
#5 /var/www/html/spod/system/CodeIgniter.php(802): App\Controllers\Temuan->index()
#6 /var/www/html/spod/system/CodeIgniter.php(399): CodeIgniter\CodeIgniter->runController()
#7 /var/www/html/spod/system/CodeIgniter.php(317): CodeIgniter\CodeIgniter->handleRequest()
#8 /var/www/html/spod/public/index.php(36): CodeIgniter\CodeIgniter->run()
#9 {main}
ERROR - 2023-01-26 22:05:29 --> Expression #1 of SELECT list is not in GROUP BY clause and contains nonaggregated column 'spod.desa.id' which is not functionally dependent on columns in GROUP BY clause; this is incompatible with sql_mode=only_full_group_by
CRITICAL - 2023-01-26 22:05:29 --> Expression #1 of SELECT list is not in GROUP BY clause and contains nonaggregated column 'spod.desa.id' which is not functionally dependent on columns in GROUP BY clause; this is incompatible with sql_mode=only_full_group_by
#0 /var/www/html/spod/system/Database/MySQLi/Connection.php(280): mysqli->query()
#1 /var/www/html/spod/system/Database/BaseConnection.php(663): CodeIgniter\Database\MySQLi\Connection->execute()
#2 /var/www/html/spod/system/Database/BaseConnection.php(591): CodeIgniter\Database\BaseConnection->simpleQuery()
#3 /var/www/html/spod/system/Database/BaseBuilder.php(1428): CodeIgniter\Database\BaseConnection->query()
#4 /var/www/html/spod/app/Controllers/Temuan.php(12): CodeIgniter\Database\BaseBuilder->get()
#5 /var/www/html/spod/system/CodeIgniter.php(802): App\Controllers\Temuan->index()
#6 /var/www/html/spod/system/CodeIgniter.php(399): CodeIgniter\CodeIgniter->runController()
#7 /var/www/html/spod/system/CodeIgniter.php(317): CodeIgniter\CodeIgniter->handleRequest()
#8 /var/www/html/spod/public/index.php(36): CodeIgniter\CodeIgniter->run()
#9 {main}
ERROR - 2023-01-26 22:05:33 --> Expression #1 of SELECT list is not in GROUP BY clause and contains nonaggregated column 'spod.desa.id' which is not functionally dependent on columns in GROUP BY clause; this is incompatible with sql_mode=only_full_group_by
CRITICAL - 2023-01-26 22:05:33 --> Expression #1 of SELECT list is not in GROUP BY clause and contains nonaggregated column 'spod.desa.id' which is not functionally dependent on columns in GROUP BY clause; this is incompatible with sql_mode=only_full_group_by
#0 /var/www/html/spod/system/Database/MySQLi/Connection.php(280): mysqli->query()
#1 /var/www/html/spod/system/Database/BaseConnection.php(663): CodeIgniter\Database\MySQLi\Connection->execute()
#2 /var/www/html/spod/system/Database/BaseConnection.php(591): CodeIgniter\Database\BaseConnection->simpleQuery()
#3 /var/www/html/spod/system/Database/BaseBuilder.php(1428): CodeIgniter\Database\BaseConnection->query()
#4 /var/www/html/spod/app/Controllers/Temuan.php(12): CodeIgniter\Database\BaseBuilder->get()
#5 /var/www/html/spod/system/CodeIgniter.php(802): App\Controllers\Temuan->index()
#6 /var/www/html/spod/system/CodeIgniter.php(399): CodeIgniter\CodeIgniter->runController()
#7 /var/www/html/spod/system/CodeIgniter.php(317): CodeIgniter\CodeIgniter->handleRequest()
#8 /var/www/html/spod/public/index.php(36): CodeIgniter\CodeIgniter->run()
#9 {main}
ERROR - 2023-01-26 22:06:32 --> Expression #1 of SELECT list is not in GROUP BY clause and contains nonaggregated column 'spod.desa.id' which is not functionally dependent on columns in GROUP BY clause; this is incompatible with sql_mode=only_full_group_by
CRITICAL - 2023-01-26 22:06:32 --> Expression #1 of SELECT list is not in GROUP BY clause and contains nonaggregated column 'spod.desa.id' which is not functionally dependent on columns in GROUP BY clause; this is incompatible with sql_mode=only_full_group_by
#0 /var/www/html/spod/system/Database/MySQLi/Connection.php(280): mysqli->query()
#1 /var/www/html/spod/system/Database/BaseConnection.php(663): CodeIgniter\Database\MySQLi\Connection->execute()
#2 /var/www/html/spod/system/Database/BaseConnection.php(591): CodeIgniter\Database\BaseConnection->simpleQuery()
#3 /var/www/html/spod/system/Database/BaseBuilder.php(1428): CodeIgniter\Database\BaseConnection->query()
#4 /var/www/html/spod/app/Controllers/Temuan.php(12): CodeIgniter\Database\BaseBuilder->get()
#5 /var/www/html/spod/system/CodeIgniter.php(802): App\Controllers\Temuan->index()
#6 /var/www/html/spod/system/CodeIgniter.php(399): CodeIgniter\CodeIgniter->runController()
#7 /var/www/html/spod/system/CodeIgniter.php(317): CodeIgniter\CodeIgniter->handleRequest()
#8 /var/www/html/spod/public/index.php(36): CodeIgniter\CodeIgniter->run()
#9 {main}
ERROR - 2023-01-26 22:06:41 --> Expression #1 of SELECT list is not in GROUP BY clause and contains nonaggregated column 'spod.desa.id' which is not functionally dependent on columns in GROUP BY clause; this is incompatible with sql_mode=only_full_group_by
CRITICAL - 2023-01-26 22:06:41 --> Expression #1 of SELECT list is not in GROUP BY clause and contains nonaggregated column 'spod.desa.id' which is not functionally dependent on columns in GROUP BY clause; this is incompatible with sql_mode=only_full_group_by
#0 /var/www/html/spod/system/Database/MySQLi/Connection.php(280): mysqli->query()
#1 /var/www/html/spod/system/Database/BaseConnection.php(663): CodeIgniter\Database\MySQLi\Connection->execute()
#2 /var/www/html/spod/system/Database/BaseConnection.php(591): CodeIgniter\Database\BaseConnection->simpleQuery()
#3 /var/www/html/spod/system/Database/BaseBuilder.php(1428): CodeIgniter\Database\BaseConnection->query()
#4 /var/www/html/spod/app/Controllers/Temuan.php(12): CodeIgniter\Database\BaseBuilder->get()
#5 /var/www/html/spod/system/CodeIgniter.php(802): App\Controllers\Temuan->index()
#6 /var/www/html/spod/system/CodeIgniter.php(399): CodeIgniter\CodeIgniter->runController()
#7 /var/www/html/spod/system/CodeIgniter.php(317): CodeIgniter\CodeIgniter->handleRequest()
#8 /var/www/html/spod/public/index.php(36): CodeIgniter\CodeIgniter->run()
#9 {main}
ERROR - 2023-01-26 22:07:05 --> Expression #1 of SELECT list is not in GROUP BY clause and contains nonaggregated column 'spod.desa.id' which is not functionally dependent on columns in GROUP BY clause; this is incompatible with sql_mode=only_full_group_by
CRITICAL - 2023-01-26 22:07:05 --> Expression #1 of SELECT list is not in GROUP BY clause and contains nonaggregated column 'spod.desa.id' which is not functionally dependent on columns in GROUP BY clause; this is incompatible with sql_mode=only_full_group_by
#0 /var/www/html/spod/system/Database/MySQLi/Connection.php(280): mysqli->query()
#1 /var/www/html/spod/system/Database/BaseConnection.php(663): CodeIgniter\Database\MySQLi\Connection->execute()
#2 /var/www/html/spod/system/Database/BaseConnection.php(591): CodeIgniter\Database\BaseConnection->simpleQuery()
#3 /var/www/html/spod/system/Database/BaseBuilder.php(1428): CodeIgniter\Database\BaseConnection->query()
#4 /var/www/html/spod/app/Controllers/Temuan.php(12): CodeIgniter\Database\BaseBuilder->get()
#5 /var/www/html/spod/system/CodeIgniter.php(802): App\Controllers\Temuan->index()
#6 /var/www/html/spod/system/CodeIgniter.php(399): CodeIgniter\CodeIgniter->runController()
#7 /var/www/html/spod/system/CodeIgniter.php(317): CodeIgniter\CodeIgniter->handleRequest()
#8 /var/www/html/spod/public/index.php(36): CodeIgniter\CodeIgniter->run()
#9 {main}
ERROR - 2023-01-26 22:08:42 --> Expression #1 of SELECT list is not in GROUP BY clause and contains nonaggregated column 'spod.temuan.id' which is not functionally dependent on columns in GROUP BY clause; this is incompatible with sql_mode=only_full_group_by
CRITICAL - 2023-01-26 22:08:42 --> Expression #1 of SELECT list is not in GROUP BY clause and contains nonaggregated column 'spod.temuan.id' which is not functionally dependent on columns in GROUP BY clause; this is incompatible with sql_mode=only_full_group_by
#0 /var/www/html/spod/system/Database/MySQLi/Connection.php(280): mysqli->query()
#1 /var/www/html/spod/system/Database/BaseConnection.php(663): CodeIgniter\Database\MySQLi\Connection->execute()
#2 /var/www/html/spod/system/Database/BaseConnection.php(591): CodeIgniter\Database\BaseConnection->simpleQuery()
#3 /var/www/html/spod/system/Database/BaseBuilder.php(1428): CodeIgniter\Database\BaseConnection->query()
#4 /var/www/html/spod/app/Controllers/Temuan.php(59): CodeIgniter\Database\BaseBuilder->get()
#5 /var/www/html/spod/system/CodeIgniter.php(802): App\Controllers\Temuan->data_temuan()
#6 /var/www/html/spod/system/CodeIgniter.php(399): CodeIgniter\CodeIgniter->runController()
#7 /var/www/html/spod/system/CodeIgniter.php(317): CodeIgniter\CodeIgniter->handleRequest()
#8 /var/www/html/spod/public/index.php(36): CodeIgniter\CodeIgniter->run()
#9 {main}
CRITICAL - 2023-01-26 22:09:35 --> Undefined index: id
#0 /var/www/html/spod/app/Views/temuan/index.php(43): CodeIgniter\Debug\Exceptions->errorHandler()
#1 /var/www/html/spod/system/View/View.php(214): include('/var/www/html/s...')
#2 /var/www/html/spod/system/View/View.php(217): CodeIgniter\View\View->CodeIgniter\View\{closure}()
#3 /var/www/html/spod/system/Common.php(1092): CodeIgniter\View\View->render()
#4 /var/www/html/spod/app/Controllers/Temuan.php(61): view()
#5 /var/www/html/spod/system/CodeIgniter.php(802): App\Controllers\Temuan->data_temuan()
#6 /var/www/html/spod/system/CodeIgniter.php(399): CodeIgniter\CodeIgniter->runController()
#7 /var/www/html/spod/system/CodeIgniter.php(317): CodeIgniter\CodeIgniter->handleRequest()
#8 /var/www/html/spod/public/index.php(36): CodeIgniter\CodeIgniter->run()
#9 {main}
ERROR - 2023-01-26 22:12:51 --> Expression #1 of SELECT list is not in GROUP BY clause and contains nonaggregated column 'spod.temuan.id' which is not functionally dependent on columns in GROUP BY clause; this is incompatible with sql_mode=only_full_group_by
CRITICAL - 2023-01-26 22:12:51 --> Expression #1 of SELECT list is not in GROUP BY clause and contains nonaggregated column 'spod.temuan.id' which is not functionally dependent on columns in GROUP BY clause; this is incompatible with sql_mode=only_full_group_by
#0 /var/www/html/spod/system/Database/MySQLi/Connection.php(280): mysqli->query()
#1 /var/www/html/spod/system/Database/BaseConnection.php(663): CodeIgniter\Database\MySQLi\Connection->execute()
#2 /var/www/html/spod/system/Database/BaseConnection.php(591): CodeIgniter\Database\BaseConnection->simpleQuery()
#3 /var/www/html/spod/system/Database/BaseBuilder.php(1428): CodeIgniter\Database\BaseConnection->query()
#4 /var/www/html/spod/app/Controllers/Temuan.php(57): CodeIgniter\Database\BaseBuilder->get()
#5 /var/www/html/spod/system/CodeIgniter.php(802): App\Controllers\Temuan->data_temuan()
#6 /var/www/html/spod/system/CodeIgniter.php(399): CodeIgniter\CodeIgniter->runController()
#7 /var/www/html/spod/system/CodeIgniter.php(317): CodeIgniter\CodeIgniter->handleRequest()
#8 /var/www/html/spod/public/index.php(36): CodeIgniter\CodeIgniter->run()
#9 {main}
ERROR - 2023-01-26 22:12:53 --> Expression #1 of SELECT list is not in GROUP BY clause and contains nonaggregated column 'spod.temuan.id' which is not functionally dependent on columns in GROUP BY clause; this is incompatible with sql_mode=only_full_group_by
CRITICAL - 2023-01-26 22:12:53 --> Expression #1 of SELECT list is not in GROUP BY clause and contains nonaggregated column 'spod.temuan.id' which is not functionally dependent on columns in GROUP BY clause; this is incompatible with sql_mode=only_full_group_by
#0 /var/www/html/spod/system/Database/MySQLi/Connection.php(280): mysqli->query()
#1 /var/www/html/spod/system/Database/BaseConnection.php(663): CodeIgniter\Database\MySQLi\Connection->execute()
#2 /var/www/html/spod/system/Database/BaseConnection.php(591): CodeIgniter\Database\BaseConnection->simpleQuery()
#3 /var/www/html/spod/system/Database/BaseBuilder.php(1428): CodeIgniter\Database\BaseConnection->query()
#4 /var/www/html/spod/app/Controllers/Temuan.php(57): CodeIgniter\Database\BaseBuilder->get()
#5 /var/www/html/spod/system/CodeIgniter.php(802): App\Controllers\Temuan->data_temuan()
#6 /var/www/html/spod/system/CodeIgniter.php(399): CodeIgniter\CodeIgniter->runController()
#7 /var/www/html/spod/system/CodeIgniter.php(317): CodeIgniter\CodeIgniter->handleRequest()
#8 /var/www/html/spod/public/index.php(36): CodeIgniter\CodeIgniter->run()
#9 {main}
ERROR - 2023-01-26 22:13:02 --> Expression #1 of SELECT list is not in GROUP BY clause and contains nonaggregated column 'spod.temuan.id' which is not functionally dependent on columns in GROUP BY clause; this is incompatible with sql_mode=only_full_group_by
CRITICAL - 2023-01-26 22:13:02 --> Expression #1 of SELECT list is not in GROUP BY clause and contains nonaggregated column 'spod.temuan.id' which is not functionally dependent on columns in GROUP BY clause; this is incompatible with sql_mode=only_full_group_by
#0 /var/www/html/spod/system/Database/MySQLi/Connection.php(280): mysqli->query()
#1 /var/www/html/spod/system/Database/BaseConnection.php(663): CodeIgniter\Database\MySQLi\Connection->execute()
#2 /var/www/html/spod/system/Database/BaseConnection.php(591): CodeIgniter\Database\BaseConnection->simpleQuery()
#3 /var/www/html/spod/system/Database/BaseBuilder.php(1428): CodeIgniter\Database\BaseConnection->query()
#4 /var/www/html/spod/app/Controllers/Temuan.php(57): CodeIgniter\Database\BaseBuilder->get()
#5 /var/www/html/spod/system/CodeIgniter.php(802): App\Controllers\Temuan->data_temuan()
#6 /var/www/html/spod/system/CodeIgniter.php(399): CodeIgniter\CodeIgniter->runController()
#7 /var/www/html/spod/system/CodeIgniter.php(317): CodeIgniter\CodeIgniter->handleRequest()
#8 /var/www/html/spod/public/index.php(36): CodeIgniter\CodeIgniter->run()
#9 {main}
ERROR - 2023-01-26 22:13:03 --> Expression #1 of SELECT list is not in GROUP BY clause and contains nonaggregated column 'spod.temuan.id' which is not functionally dependent on columns in GROUP BY clause; this is incompatible with sql_mode=only_full_group_by
CRITICAL - 2023-01-26 22:13:03 --> Expression #1 of SELECT list is not in GROUP BY clause and contains nonaggregated column 'spod.temuan.id' which is not functionally dependent on columns in GROUP BY clause; this is incompatible with sql_mode=only_full_group_by
#0 /var/www/html/spod/system/Database/MySQLi/Connection.php(280): mysqli->query()
#1 /var/www/html/spod/system/Database/BaseConnection.php(663): CodeIgniter\Database\MySQLi\Connection->execute()
#2 /var/www/html/spod/system/Database/BaseConnection.php(591): CodeIgniter\Database\BaseConnection->simpleQuery()
#3 /var/www/html/spod/system/Database/BaseBuilder.php(1428): CodeIgniter\Database\BaseConnection->query()
#4 /var/www/html/spod/app/Controllers/Temuan.php(57): CodeIgniter\Database\BaseBuilder->get()
#5 /var/www/html/spod/system/CodeIgniter.php(802): App\Controllers\Temuan->data_temuan()
#6 /var/www/html/spod/system/CodeIgniter.php(399): CodeIgniter\CodeIgniter->runController()
#7 /var/www/html/spod/system/CodeIgniter.php(317): CodeIgniter\CodeIgniter->handleRequest()
#8 /var/www/html/spod/public/index.php(36): CodeIgniter\CodeIgniter->run()
#9 {main}
CRITICAL - 2023-01-26 22:14:39 --> Undefined index: temuan
#0 /var/www/html/spod/app/Views/temuan/temuan.php(254): CodeIgniter\Debug\Exceptions->errorHandler()
#1 /var/www/html/spod/system/View/View.php(214): include('/var/www/html/s...')
#2 /var/www/html/spod/system/View/View.php(217): CodeIgniter\View\View->CodeIgniter\View\{closure}()
#3 /var/www/html/spod/system/Common.php(1092): CodeIgniter\View\View->render()
#4 /var/www/html/spod/app/Controllers/Temuan.php(106): view()
#5 /var/www/html/spod/system/CodeIgniter.php(802): App\Controllers\Temuan->temuan()
#6 /var/www/html/spod/system/CodeIgniter.php(399): CodeIgniter\CodeIgniter->runController()
#7 /var/www/html/spod/system/CodeIgniter.php(317): CodeIgniter\CodeIgniter->handleRequest()
#8 /var/www/html/spod/public/index.php(36): CodeIgniter\CodeIgniter->run()
#9 {main}
CRITICAL - 2023-01-26 22:18:08 --> Undefined index: rekomendasi
#0 /var/www/html/spod/app/Views/temuan/temuan.php(272): CodeIgniter\Debug\Exceptions->errorHandler()
#1 /var/www/html/spod/system/View/View.php(214): include('/var/www/html/s...')
#2 /var/www/html/spod/system/View/View.php(217): CodeIgniter\View\View->CodeIgniter\View\{closure}()
#3 /var/www/html/spod/system/Common.php(1092): CodeIgniter\View\View->render()
#4 /var/www/html/spod/app/Controllers/Temuan.php(106): view()
#5 /var/www/html/spod/system/CodeIgniter.php(802): App\Controllers\Temuan->temuan()
#6 /var/www/html/spod/system/CodeIgniter.php(399): CodeIgniter\CodeIgniter->runController()
#7 /var/www/html/spod/system/CodeIgniter.php(317): CodeIgniter\CodeIgniter->handleRequest()
#8 /var/www/html/spod/public/index.php(36): CodeIgniter\CodeIgniter->run()
#9 {main}
CRITICAL - 2023-01-26 22:19:02 --> Undefined index: tindak_lanjut
#0 /var/www/html/spod/app/Views/temuan/temuan.php(280): CodeIgniter\Debug\Exceptions->errorHandler()
#1 /var/www/html/spod/system/View/View.php(214): include('/var/www/html/s...')
#2 /var/www/html/spod/system/View/View.php(217): CodeIgniter\View\View->CodeIgniter\View\{closure}()
#3 /var/www/html/spod/system/Common.php(1092): CodeIgniter\View\View->render()
#4 /var/www/html/spod/app/Controllers/Temuan.php(106): view()
#5 /var/www/html/spod/system/CodeIgniter.php(802): App\Controllers\Temuan->temuan()
#6 /var/www/html/spod/system/CodeIgniter.php(399): CodeIgniter\CodeIgniter->runController()
#7 /var/www/html/spod/system/CodeIgniter.php(317): CodeIgniter\CodeIgniter->handleRequest()
#8 /var/www/html/spod/public/index.php(36): CodeIgniter\CodeIgniter->run()
#9 {main}
