CRITICAL - 2023-04-18 07:39:35 --> Undefined index: nomor_lhp
#0 D:\laragon\www\spod\app\Views\temuan\index.php(47): CodeIgniter\Debug\Exceptions->errorHandler(8, 'Undefined index...', 'D:\\laragon\\www\\...', 47, Array)
#1 D:\laragon\www\spod\system\View\View.php(214): include('D:\\laragon\\www\\...')
#2 D:\laragon\www\spod\system\View\View.php(217): CodeIgniter\View\View->CodeIgniter\View\{closure}()
#3 D:\laragon\www\spod\system\Common.php(1092): CodeIgniter\View\View->render('temuan/index', Array, true)
#4 D:\laragon\www\spod\app\Controllers\Temuan.php(297): view('temuan/index', Array)
#5 D:\laragon\www\spod\system\CodeIgniter.php(802): App\Controllers\Temuan->data_temuan_desa()
#6 D:\laragon\www\spod\system\CodeIgniter.php(399): CodeIgniter\CodeIgniter->runController(Object(App\Controllers\Temuan))
#7 D:\laragon\www\spod\system\CodeIgniter.php(317): CodeIgniter\CodeIgniter->handleRequest(NULL, Object(Config\Cache), false)
#8 D:\laragon\www\spod\public\index.php(36): CodeIgniter\CodeIgniter->run()
#9 {main}
CRITICAL - 2023-04-18 07:47:43 --> Undefined index: rekomendasi
#0 D:\laragon\www\spod\app\Controllers\Temuan.php(196): CodeIgniter\Debug\Exceptions->errorHandler(8, 'Undefined index...', 'D:\\laragon\\www\\...', 196, Array)
#1 D:\laragon\www\spod\system\CodeIgniter.php(802): App\Controllers\Temuan->cetak()
#2 D:\laragon\www\spod\system\CodeIgniter.php(399): CodeIgniter\CodeIgniter->runController(Object(App\Controllers\Temuan))
#3 D:\laragon\www\spod\system\CodeIgniter.php(317): CodeIgniter\CodeIgniter->handleRequest(NULL, Object(Config\Cache), false)
#4 D:\laragon\www\spod\public\index.php(36): CodeIgniter\CodeIgniter->run()
#5 {main}
CRITICAL - 2023-04-18 08:13:58 --> The behavior of unparenthesized expressions containing both '.' and '+'/'-' will change in PHP 8: '+'/'-' will take a higher precedence
#0 D:\laragon\www\spod\system\Router\Router.php(491): CodeIgniter\Debug\Exceptions->errorHandler(8192, 'The behavior of...', 'D:\\laragon\\www\\...', 194, Array)
#1 D:\laragon\www\spod\system\Router\Router.php(491): include_once()
#2 D:\laragon\www\spod\system\Router\Router.php(160): CodeIgniter\Router\Router->autoRoute('temuan/cetak')
#3 D:\laragon\www\spod\system\CodeIgniter.php(702): CodeIgniter\Router\Router->handle('temuan/cetak')
#4 D:\laragon\www\spod\system\CodeIgniter.php(358): CodeIgniter\CodeIgniter->tryToRouteIt(Object(CodeIgniter\Router\RouteCollection))
#5 D:\laragon\www\spod\system\CodeIgniter.php(317): CodeIgniter\CodeIgniter->handleRequest(NULL, Object(Config\Cache), false)
#6 D:\laragon\www\spod\public\index.php(36): CodeIgniter\CodeIgniter->run()
#7 {main}
CRITICAL - 2023-04-18 10:11:12 --> syntax error, unexpected ';'
#0 D:\laragon\www\spod\system\Router\Router.php(160): CodeIgniter\Router\Router->autoRoute('temuan/cetak')
#1 D:\laragon\www\spod\system\CodeIgniter.php(702): CodeIgniter\Router\Router->handle('temuan/cetak')
#2 D:\laragon\www\spod\system\CodeIgniter.php(358): CodeIgniter\CodeIgniter->tryToRouteIt(Object(CodeIgniter\Router\RouteCollection))
#3 D:\laragon\www\spod\system\CodeIgniter.php(317): CodeIgniter\CodeIgniter->handleRequest(NULL, Object(Config\Cache), false)
#4 D:\laragon\www\spod\public\index.php(36): CodeIgniter\CodeIgniter->run()
#5 {main}
