ERROR - 2023-01-24 14:34:50 --> Table 'spod.lhp' doesn't exist
CRITICAL - 2023-01-24 14:34:50 --> Table 'spod.lhp' doesn't exist
#0 /var/www/html/spod/system/Database/MySQLi/Connection.php(280): mysqli->query()
#1 /var/www/html/spod/system/Database/BaseConnection.php(663): CodeIgniter\Database\MySQLi\Connection->execute()
#2 /var/www/html/spod/system/Database/BaseConnection.php(591): CodeIgniter\Database\BaseConnection->simpleQuery()
#3 /var/www/html/spod/system/Database/BaseBuilder.php(1428): CodeIgniter\Database\BaseConnection->query()
#4 /var/www/html/spod/app/Controllers/Admin.php(27): CodeIgniter\Database\BaseBuilder->get()
#5 /var/www/html/spod/system/CodeIgniter.php(802): App\Controllers\Admin->index()
#6 /var/www/html/spod/system/CodeIgniter.php(399): CodeIgniter\CodeIgniter->runController()
#7 /var/www/html/spod/system/CodeIgniter.php(317): CodeIgniter\CodeIgniter->handleRequest()
#8 /var/www/html/spod/public/index.php(36): CodeIgniter\CodeIgniter->run()
#9 {main}
CRITICAL - 2023-01-24 14:39:17 --> Undefined variable: tahun
#0 /var/www/html/spod/app/Views/dashboard/index.php(64): CodeIgniter\Debug\Exceptions->errorHandler()
#1 /var/www/html/spod/system/View/View.php(214): include('/var/www/html/s...')
#2 /var/www/html/spod/system/View/View.php(217): CodeIgniter\View\View->CodeIgniter\View\{closure}()
#3 /var/www/html/spod/system/Common.php(1092): CodeIgniter\View\View->render()
#4 /var/www/html/spod/app/Controllers/Dashboard.php(12): view()
#5 /var/www/html/spod/system/CodeIgniter.php(802): App\Controllers\Dashboard->index()
#6 /var/www/html/spod/system/CodeIgniter.php(399): CodeIgniter\CodeIgniter->runController()
#7 /var/www/html/spod/system/CodeIgniter.php(317): CodeIgniter\CodeIgniter->handleRequest()
#8 /var/www/html/spod/public/index.php(36): CodeIgniter\CodeIgniter->run()
#9 {main}
CRITICAL - 2023-01-24 14:53:06 --> Undefined variable: user
#0 /var/www/html/spod/app/Views/desa/index.php(39): CodeIgniter\Debug\Exceptions->errorHandler()
#1 /var/www/html/spod/system/View/View.php(214): include('/var/www/html/s...')
#2 /var/www/html/spod/system/View/View.php(217): CodeIgniter\View\View->CodeIgniter\View\{closure}()
#3 /var/www/html/spod/system/Common.php(1092): CodeIgniter\View\View->render()
#4 /var/www/html/spod/app/Controllers/Desa.php(14): view()
#5 /var/www/html/spod/system/CodeIgniter.php(802): App\Controllers\Desa->index()
#6 /var/www/html/spod/system/CodeIgniter.php(399): CodeIgniter\CodeIgniter->runController()
#7 /var/www/html/spod/system/CodeIgniter.php(317): CodeIgniter\CodeIgniter->handleRequest()
#8 /var/www/html/spod/public/index.php(36): CodeIgniter\CodeIgniter->run()
#9 {main}
CRITICAL - 2023-01-24 14:53:13 --> Undefined index: nama
#0 /var/www/html/spod/app/Views/desa/index.php(42): CodeIgniter\Debug\Exceptions->errorHandler()
#1 /var/www/html/spod/system/View/View.php(214): include('/var/www/html/s...')
#2 /var/www/html/spod/system/View/View.php(217): CodeIgniter\View\View->CodeIgniter\View\{closure}()
#3 /var/www/html/spod/system/Common.php(1092): CodeIgniter\View\View->render()
#4 /var/www/html/spod/app/Controllers/Desa.php(14): view()
#5 /var/www/html/spod/system/CodeIgniter.php(802): App\Controllers\Desa->index()
#6 /var/www/html/spod/system/CodeIgniter.php(399): CodeIgniter\CodeIgniter->runController()
#7 /var/www/html/spod/system/CodeIgniter.php(317): CodeIgniter\CodeIgniter->handleRequest()
#8 /var/www/html/spod/public/index.php(36): CodeIgniter\CodeIgniter->run()
#9 {main}
CRITICAL - 2023-01-24 15:00:00 --> Undefined variable: data
#0 /var/www/html/spod/app/Controllers/Desa.php(28): CodeIgniter\Debug\Exceptions->errorHandler()
#1 /var/www/html/spod/system/CodeIgniter.php(802): App\Controllers\Desa->tambah()
#2 /var/www/html/spod/system/CodeIgniter.php(399): CodeIgniter\CodeIgniter->runController()
#3 /var/www/html/spod/system/CodeIgniter.php(317): CodeIgniter\CodeIgniter->handleRequest()
#4 /var/www/html/spod/public/index.php(36): CodeIgniter\CodeIgniter->run()
#5 {main}
CRITICAL - 2023-01-24 15:00:15 --> Undefined variable: data
#0 /var/www/html/spod/app/Controllers/Desa.php(28): CodeIgniter\Debug\Exceptions->errorHandler()
#1 /var/www/html/spod/system/CodeIgniter.php(802): App\Controllers\Desa->tambah()
#2 /var/www/html/spod/system/CodeIgniter.php(399): CodeIgniter\CodeIgniter->runController()
#3 /var/www/html/spod/system/CodeIgniter.php(317): CodeIgniter\CodeIgniter->handleRequest()
#4 /var/www/html/spod/public/index.php(36): CodeIgniter\CodeIgniter->run()
#5 {main}
CRITICAL - 2023-01-24 15:00:16 --> Undefined variable: data
#0 /var/www/html/spod/app/Controllers/Desa.php(28): CodeIgniter\Debug\Exceptions->errorHandler()
#1 /var/www/html/spod/system/CodeIgniter.php(802): App\Controllers\Desa->tambah()
#2 /var/www/html/spod/system/CodeIgniter.php(399): CodeIgniter\CodeIgniter->runController()
#3 /var/www/html/spod/system/CodeIgniter.php(317): CodeIgniter\CodeIgniter->handleRequest()
#4 /var/www/html/spod/public/index.php(36): CodeIgniter\CodeIgniter->run()
#5 {main}
CRITICAL - 2023-01-24 15:00:16 --> Undefined variable: data
#0 /var/www/html/spod/app/Controllers/Desa.php(28): CodeIgniter\Debug\Exceptions->errorHandler()
#1 /var/www/html/spod/system/CodeIgniter.php(802): App\Controllers\Desa->tambah()
#2 /var/www/html/spod/system/CodeIgniter.php(399): CodeIgniter\CodeIgniter->runController()
#3 /var/www/html/spod/system/CodeIgniter.php(317): CodeIgniter\CodeIgniter->handleRequest()
#4 /var/www/html/spod/public/index.php(36): CodeIgniter\CodeIgniter->run()
#5 {main}
CRITICAL - 2023-01-24 15:00:17 --> Undefined variable: data
#0 /var/www/html/spod/app/Controllers/Desa.php(28): CodeIgniter\Debug\Exceptions->errorHandler()
#1 /var/www/html/spod/system/CodeIgniter.php(802): App\Controllers\Desa->tambah()
#2 /var/www/html/spod/system/CodeIgniter.php(399): CodeIgniter\CodeIgniter->runController()
#3 /var/www/html/spod/system/CodeIgniter.php(317): CodeIgniter\CodeIgniter->handleRequest()
#4 /var/www/html/spod/public/index.php(36): CodeIgniter\CodeIgniter->run()
#5 {main}
ERROR - 2023-01-24 15:01:30 --> Unknown column 'nama_kecamatan' in 'field list'
CRITICAL - 2023-01-24 15:01:30 --> Unknown column 'nama_kecamatan' in 'field list'
#0 /var/www/html/spod/system/Database/MySQLi/Connection.php(280): mysqli->query()
#1 /var/www/html/spod/system/Database/BaseConnection.php(663): CodeIgniter\Database\MySQLi\Connection->execute()
#2 /var/www/html/spod/system/Database/BaseConnection.php(591): CodeIgniter\Database\BaseConnection->simpleQuery()
#3 /var/www/html/spod/system/Database/BaseBuilder.php(1733): CodeIgniter\Database\BaseConnection->query()
#4 /var/www/html/spod/app/Controllers/Desa.php(24): CodeIgniter\Database\BaseBuilder->insert()
#5 /var/www/html/spod/system/CodeIgniter.php(802): App\Controllers\Desa->tambah()
#6 /var/www/html/spod/system/CodeIgniter.php(399): CodeIgniter\CodeIgniter->runController()
#7 /var/www/html/spod/system/CodeIgniter.php(317): CodeIgniter\CodeIgniter->handleRequest()
#8 /var/www/html/spod/public/index.php(36): CodeIgniter\CodeIgniter->run()
#9 {main}
ERROR - 2023-01-24 15:03:11 --> Column 'nama_kecamatan' cannot be null
CRITICAL - 2023-01-24 15:03:11 --> Column 'nama_kecamatan' cannot be null
#0 /var/www/html/spod/system/Database/MySQLi/Connection.php(280): mysqli->query()
#1 /var/www/html/spod/system/Database/BaseConnection.php(663): CodeIgniter\Database\MySQLi\Connection->execute()
#2 /var/www/html/spod/system/Database/BaseConnection.php(591): CodeIgniter\Database\BaseConnection->simpleQuery()
#3 /var/www/html/spod/system/Database/BaseBuilder.php(1733): CodeIgniter\Database\BaseConnection->query()
#4 /var/www/html/spod/app/Controllers/Desa.php(24): CodeIgniter\Database\BaseBuilder->insert()
#5 /var/www/html/spod/system/CodeIgniter.php(802): App\Controllers\Desa->tambah()
#6 /var/www/html/spod/system/CodeIgniter.php(399): CodeIgniter\CodeIgniter->runController()
#7 /var/www/html/spod/system/CodeIgniter.php(317): CodeIgniter\CodeIgniter->handleRequest()
#8 /var/www/html/spod/public/index.php(36): CodeIgniter\CodeIgniter->run()
#9 {main}
